This is pdfTeX, Version 3.1415926-2.3-1.40.12 (TeX Live 2011) (format=pdflatex 2012.5.14)  27 NOV 2012 18:31
entering extended mode
 restricted \write18 enabled.
 %&-line parsing enabled.
**a2.tex
(./a2.tex
LaTeX2e <2009/09/24>
Babel <v3.8l> and hyphenation patterns for english, dumylang, nohyphenation, ge
rman-x-2009-06-19, ngerman-x-2009-06-19, afrikaans, ancientgreek, ibycus, arabi
c, armenian, basque, bulgarian, catalan, pinyin, coptic, croatian, czech, danis
h, dutch, ukenglish, usenglishmax, esperanto, estonian, ethiopic, farsi, finnis
h, french, galician, german, ngerman, swissgerman, monogreek, greek, hungarian,
 icelandic, assamese, bengali, gujarati, hindi, kannada, malayalam, marathi, or
iya, panjabi, tamil, telugu, indonesian, interlingua, irish, italian, kurmanji,
 lao, latin, latvian, lithuanian, mongolian, mongolianlmc, bokmal, nynorsk, pol
ish, portuguese, romanian, russian, sanskrit, serbian, serbianc, slovak, sloven
ian, spanish, swedish, turkish, turkmen, ukrainian, uppersorbian, welsh, loaded
.
(/usr/local/texlive/2011/texmf-dist/tex/latex/base/article.cls
Document Class: article 2007/10/19 v1.4h Standard LaTeX document class
(/usr/local/texlive/2011/texmf-dist/tex/latex/base/size11.clo
File: size11.clo 2007/10/19 v1.4h Standard LaTeX file (size option)
)
\c@part=\count79
\c@section=\count80
\c@subsection=\count81
\c@subsubsection=\count82
\c@paragraph=\count83
\c@subparagraph=\count84
\c@figure=\count85
\c@table=\count86
\abovecaptionskip=\skip41
\belowcaptionskip=\skip42
\bibindent=\dimen102
)
(/usr/local/texlive/2011/texmf-dist/tex/latex/base/inputenc.sty
Package: inputenc 2008/03/30 v1.1d Input encoding file
\inpenc@prehook=\toks14
\inpenc@posthook=\toks15

(/usr/local/texlive/2011/texmf-dist/tex/latex/base/latin5.def
File: latin5.def 2008/03/30 v1.1d Input encoding file
))
(/usr/local/texlive/2011/texmf-dist/tex/generic/babel/babel.sty
Package: babel 2008/07/06 v3.8l The Babel package

(/usr/local/texlive/2011/texmf-dist/tex/generic/babel/english.ldf
Language: english 2005/03/30 v3.3o English support from the babel system

(/usr/local/texlive/2011/texmf-dist/tex/generic/babel/babel.def
File: babel.def 2008/07/06 v3.8l Babel common definitions
\babel@savecnt=\count87
\U@D=\dimen103
)
\l@canadian = a dialect from \language\l@american 
\l@australian = a dialect from \language\l@british 
\l@newzealand = a dialect from \language\l@british 
))
(/usr/local/texlive/2011/texmf-dist/tex/latex/amsmath/amsmath.sty
Package: amsmath 2000/07/18 v2.13 AMS math features
\@mathmargin=\skip43

For additional information on amsmath, use the `?' option.
(/usr/local/texlive/2011/texmf-dist/tex/latex/amsmath/amstext.sty
Package: amstext 2000/06/29 v2.01

(/usr/local/texlive/2011/texmf-dist/tex/latex/amsmath/amsgen.sty
File: amsgen.sty 1999/11/30 v2.0
\@emptytoks=\toks16
\ex@=\dimen104
))
(/usr/local/texlive/2011/texmf-dist/tex/latex/amsmath/amsbsy.sty
Package: amsbsy 1999/11/29 v1.2d
\pmbraise@=\dimen105
)
(/usr/local/texlive/2011/texmf-dist/tex/latex/amsmath/amsopn.sty
Package: amsopn 1999/12/14 v2.01 operator names
)
\inf@bad=\count88
LaTeX Info: Redefining \frac on input line 211.
\uproot@=\count89
\leftroot@=\count90
LaTeX Info: Redefining \overline on input line 307.
\classnum@=\count91
\DOTSCASE@=\count92
LaTeX Info: Redefining \ldots on input line 379.
LaTeX Info: Redefining \dots on input line 382.
LaTeX Info: Redefining \cdots on input line 467.
\Mathstrutbox@=\box26
\strutbox@=\box27
\big@size=\dimen106
LaTeX Font Info:    Redeclaring font encoding OML on input line 567.
LaTeX Font Info:    Redeclaring font encoding OMS on input line 568.
\macc@depth=\count93
\c@MaxMatrixCols=\count94
\dotsspace@=\muskip10
\c@parentequation=\count95
\dspbrk@lvl=\count96
\tag@help=\toks17
\row@=\count97
\column@=\count98
\maxfields@=\count99
\andhelp@=\toks18
\eqnshift@=\dimen107
\alignsep@=\dimen108
\tagshift@=\dimen109
\tagwidth@=\dimen110
\totwidth@=\dimen111
\lineht@=\dimen112
\@envbody=\toks19
\multlinegap=\skip44
\multlinetaggap=\skip45
\mathdisplay@stack=\toks20
LaTeX Info: Redefining \[ on input line 2666.
LaTeX Info: Redefining \] on input line 2667.
)
(/usr/local/texlive/2011/texmf-dist/tex/latex/amsfonts/amsfonts.sty
Package: amsfonts 2009/06/22 v3.00 Basic AMSFonts support
\symAMSa=\mathgroup4
\symAMSb=\mathgroup5
LaTeX Font Info:    Overwriting math alphabet `\mathfrak' in version `bold'
(Font)                  U/euf/m/n --> U/euf/b/n on input line 96.
)
(/usr/local/texlive/2011/texmf-dist/tex/latex/amsfonts/amssymb.sty
Package: amssymb 2009/06/22 v3.00
)
(/usr/local/texlive/2011/texmf-dist/tex/latex/graphics/graphicx.sty
Package: graphicx 1999/02/16 v1.0f Enhanced LaTeX Graphics (DPC,SPQR)

(/usr/local/texlive/2011/texmf-dist/tex/latex/graphics/keyval.sty
Package: keyval 1999/03/16 v1.13 key=value parser (DPC)
\KV@toks@=\toks21
)
(/usr/local/texlive/2011/texmf-dist/tex/latex/graphics/graphics.sty
Package: graphics 2009/02/05 v1.0o Standard LaTeX Graphics (DPC,SPQR)

(/usr/local/texlive/2011/texmf-dist/tex/latex/graphics/trig.sty
Package: trig 1999/03/16 v1.09 sin cos tan (DPC)
)
(/usr/local/texlive/2011/texmf-dist/tex/latex/latexconfig/graphics.cfg
File: graphics.cfg 2010/04/23 v1.9 graphics configuration of TeX Live
)
Package graphics Info: Driver file: pdftex.def on input line 91.

(/usr/local/texlive/2011/texmf-dist/tex/latex/pdftex-def/pdftex.def
File: pdftex.def 2011/05/27 v0.06d Graphics/color for pdfTeX

(/usr/local/texlive/2011/texmf-dist/tex/generic/oberdiek/infwarerr.sty
Package: infwarerr 2010/04/08 v1.3 Providing info/warning/message (HO)
)
(/usr/local/texlive/2011/texmf-dist/tex/generic/oberdiek/ltxcmds.sty
Package: ltxcmds 2011/04/18 v1.20 LaTeX kernel commands for general use (HO)
)
\Gread@gobject=\count100
))
\Gin@req@height=\dimen113
\Gin@req@width=\dimen114
)
(/usr/local/texlive/2011/texmf-dist/tex/latex/subfig/subfig.sty
Package: subfig 2005/06/28 ver: 1.3 subfig package

(/usr/local/texlive/2011/texmf-dist/tex/latex/caption/caption.sty
Package: caption 2010/01/09 v3.1m Customizing captions (AR)

(/usr/local/texlive/2011/texmf-dist/tex/latex/caption/caption3.sty
Package: caption3 2010/01/14 v3.1m caption3 kernel (AR)
\captionmargin=\dimen115
\captionmargin@=\dimen116
\captionwidth=\dimen117
\caption@indent=\dimen118
\caption@parindent=\dimen119
\caption@hangindent=\dimen120
)
\c@ContinuedFloat=\count101
)
\c@KVtest=\count102
\sf@farskip=\skip46
\sf@captopadj=\dimen121
\sf@capskip=\skip47
\sf@nearskip=\skip48
\c@subfigure=\count103
\c@subfigure@save=\count104
\c@lofdepth=\count105
\c@subtable=\count106
\c@subtable@save=\count107
\c@lotdepth=\count108
\sf@top=\skip49
\sf@bottom=\skip50
)
(/usr/local/texlive/2011/texmf-dist/tex/latex/placeins/placeins.sty
Package: placeins 2005/04/18  v 2.2
)
(/usr/local/texlive/2011/texmf-dist/tex/latex/was/gensymb.sty
Package: gensymb 2003/07/02 v1.0 (WaS)
) (./a2.aux)
\openout1 = `a2.aux'.

LaTeX Font Info:    Checking defaults for OML/cmm/m/it on input line 12.
LaTeX Font Info:    ... okay on input line 12.
LaTeX Font Info:    Checking defaults for T1/cmr/m/n on input line 12.
LaTeX Font Info:    ... okay on input line 12.
LaTeX Font Info:    Checking defaults for OT1/cmr/m/n on input line 12.
LaTeX Font Info:    ... okay on input line 12.
LaTeX Font Info:    Checking defaults for OMS/cmsy/m/n on input line 12.
LaTeX Font Info:    ... okay on input line 12.
LaTeX Font Info:    Checking defaults for OMX/cmex/m/n on input line 12.
LaTeX Font Info:    ... okay on input line 12.
LaTeX Font Info:    Checking defaults for U/cmr/m/n on input line 12.
LaTeX Font Info:    ... okay on input line 12.

(/usr/local/texlive/2011/texmf-dist/tex/context/base/supp-pdf.mkii
[Loading MPS to PDF converter (version 2006.09.02).]
\scratchcounter=\count109
\scratchdimen=\dimen122
\scratchbox=\box28
\nofMPsegments=\count110
\nofMParguments=\count111
\everyMPshowfont=\toks22
\MPscratchCnt=\count112
\MPscratchDim=\dimen123
\MPnumerator=\count113
\makeMPintoPDFobject=\count114
\everyMPtoPDFconversion=\toks23
) (/usr/local/texlive/2011/texmf-dist/tex/generic/oberdiek/pdftexcmds.sty
Package: pdftexcmds 2011/04/22 v0.16 Utilities of pdfTeX for LuaTeX (HO)

(/usr/local/texlive/2011/texmf-dist/tex/generic/oberdiek/ifluatex.sty
Package: ifluatex 2010/03/01 v1.3 Provides the ifluatex switch (HO)
Package ifluatex Info: LuaTeX not detected.
)
(/usr/local/texlive/2011/texmf-dist/tex/generic/oberdiek/ifpdf.sty
Package: ifpdf 2011/01/30 v2.3 Provides the ifpdf switch (HO)
Package ifpdf Info: pdfTeX in PDF mode is detected.
)
Package pdftexcmds Info: LuaTeX not detected.
Package pdftexcmds Info: \pdf@primitive is available.
Package pdftexcmds Info: \pdf@ifprimitive is available.
Package pdftexcmds Info: \pdfdraftmode found.
)
(/usr/local/texlive/2011/texmf-dist/tex/latex/oberdiek/epstopdf-base.sty
Package: epstopdf-base 2010/02/09 v2.5 Base part for package epstopdf

(/usr/local/texlive/2011/texmf-dist/tex/latex/oberdiek/grfext.sty
Package: grfext 2010/08/19 v1.1 Managing graphics extensions (HO)

(/usr/local/texlive/2011/texmf-dist/tex/generic/oberdiek/kvdefinekeys.sty
Package: kvdefinekeys 2011/04/07 v1.3 Defining keys (HO)
))
(/usr/local/texlive/2011/texmf-dist/tex/latex/oberdiek/kvoptions.sty
Package: kvoptions 2010/12/23 v3.10 Keyval support for LaTeX options (HO)

(/usr/local/texlive/2011/texmf-dist/tex/generic/oberdiek/kvsetkeys.sty
Package: kvsetkeys 2011/04/07 v1.13 Key value parser (HO)

(/usr/local/texlive/2011/texmf-dist/tex/generic/oberdiek/etexcmds.sty
Package: etexcmds 2011/02/16 v1.5 Prefix for e-TeX command names (HO)
Package etexcmds Info: Could not find \expanded.
(etexcmds)             That can mean that you are not using pdfTeX 1.50 or
(etexcmds)             that some package has redefined \expanded.
(etexcmds)             In the latter case, load this package earlier.
)))
Package grfext Info: Graphics extension search list:
(grfext)             [.png,.pdf,.jpg,.mps,.jpeg,.jbig2,.jb2,.PNG,.PDF,.JPG,.JPE
G,.JBIG2,.JB2,.eps]
(grfext)             \AppendGraphicsExtensions on input line 452.

(/usr/local/texlive/2011/texmf-dist/tex/latex/latexconfig/epstopdf-sys.cfg
File: epstopdf-sys.cfg 2010/07/13 v1.3 Configuration of (r)epstopdf for TeX Liv
e
))
Package caption Info: Begin \AtBeginDocument code.
Package caption3 Info: subfig package 1.2 or 1.3 is loaded.
LaTeX Info: Redefining \subref on input line 12.
Package caption Info: End \AtBeginDocument code.
LaTeX Info: Redefining \celsius on input line 12.
Package gensymb Info: Faking symbols for \degree and \celsius on input line 12.



Package gensymb Warning: Not defining \perthousand.

LaTeX Info: Redefining \ohm on input line 12.
Package gensymb Info: Using \Omega for \ohm on input line 12.

Package gensymb Warning: Not defining \micro.

<data/grabcut-dataset/35008.jpg, id=1, 482.80376pt x 322.20375pt>
File: data/grabcut-dataset/35008.jpg Graphic file (type jpg)

<use data/grabcut-dataset/35008.jpg>
Package pdftex.def Info: data/grabcut-dataset/35008.jpg used on input line 18.
(pdftex.def)             Requested size: 144.84224pt x 96.66187pt.

<data/grabcut-dataset/res/marie.png, id=2, 483.8075pt x 325.215pt>
File: data/grabcut-dataset/res/marie.png Graphic file (type png)

<use data/grabcut-dataset/res/marie.png>
Package pdftex.def Info: data/grabcut-dataset/res/marie.png used on input line 
20.
(pdftex.def)             Requested size: 145.14337pt x 97.56525pt.

<data/grabcut-dataset/42049.jpg, id=3, 482.80376pt x 322.20375pt>
File: data/grabcut-dataset/42049.jpg Graphic file (type jpg)

<use data/grabcut-dataset/42049.jpg>
Package pdftex.def Info: data/grabcut-dataset/42049.jpg used on input line 28.
(pdftex.def)             Requested size: 144.84224pt x 96.66187pt.

<data/grabcut-dataset/res/eagle.png, id=4, 479.7925pt x 325.215pt>
File: data/grabcut-dataset/res/eagle.png Graphic file (type png)

<use data/grabcut-dataset/res/eagle.png>
Package pdftex.def Info: data/grabcut-dataset/res/eagle.png used on input line 
30.
(pdftex.def)             Requested size: 143.93884pt x 97.56525pt.

<data/grabcut-dataset/61060.jpg, id=5, 482.80376pt x 322.20375pt>
File: data/grabcut-dataset/61060.jpg Graphic file (type jpg)

<use data/grabcut-dataset/61060.jpg>
Package pdftex.def Info: data/grabcut-dataset/61060.jpg used on input line 38.
(pdftex.def)             Requested size: 144.84224pt x 96.66187pt.

<data/grabcut-dataset/res/skier2.png, id=6, 482.80376pt x 323.2075pt>
File: data/grabcut-dataset/res/skier2.png Graphic file (type png)

<use data/grabcut-dataset/res/skier2.png>
Package pdftex.def Info: data/grabcut-dataset/res/skier2.png used on input line
 40.
(pdftex.def)             Requested size: 144.84224pt x 96.963pt.

<data/grabcut-dataset/res/skier3.png, id=7, 477.785pt x 322.20375pt>
File: data/grabcut-dataset/res/skier3.png Graphic file (type png)

<use data/grabcut-dataset/res/skier3.png>
Package pdftex.def Info: data/grabcut-dataset/res/skier3.png used on input line
 43.
(pdftex.def)             Requested size: 143.3366pt x 96.66187pt.

<data/grabcut-dataset/res/skier4.png, id=8, 478.78876pt x 322.20375pt>
File: data/grabcut-dataset/res/skier4.png Graphic file (type png)

<use data/grabcut-dataset/res/skier4.png>
Package pdftex.def Info: data/grabcut-dataset/res/skier4.png used on input line
 46.
(pdftex.def)             Requested size: 143.63773pt x 96.66187pt.

<data/grabcut-dataset/res/skier5.png, id=9, 477.785pt x 320.19624pt>
File: data/grabcut-dataset/res/skier5.png Graphic file (type png)

<use data/grabcut-dataset/res/skier5.png>
Package pdftex.def Info: data/grabcut-dataset/res/skier5.png used on input line
 49.
(pdftex.def)             Requested size: 143.3366pt x 96.0596pt.

<data/grabcut-dataset/225017.jpg, id=10, 322.20375pt x 482.80376pt>
File: data/grabcut-dataset/225017.jpg Graphic file (type jpg)

<use data/grabcut-dataset/225017.jpg>
Package pdftex.def Info: data/grabcut-dataset/225017.jpg used on input line 58.

(pdftex.def)             Requested size: 96.66187pt x 144.84224pt.

<data/grabcut-dataset/res/skier6.png, id=11, 323.2075pt x 481.8pt>
File: data/grabcut-dataset/res/skier6.png Graphic file (type png)

<use data/grabcut-dataset/res/skier6.png>
Package pdftex.def Info: data/grabcut-dataset/res/skier6.png used on input line
 60.
(pdftex.def)             Requested size: 96.963pt x 144.5411pt.

<data/grabcut-dataset/90076.jpg, id=12, 482.80376pt x 322.20375pt>
File: data/grabcut-dataset/90076.jpg Graphic file (type jpg)

<use data/grabcut-dataset/90076.jpg>
Package pdftex.def Info: data/grabcut-dataset/90076.jpg used on input line 68.
(pdftex.def)             Requested size: 144.84224pt x 96.66187pt.

<data/grabcut-dataset/res/kid.png, id=13, 479.7925pt x 324.21124pt>
File: data/grabcut-dataset/res/kid.png Graphic file (type png)

<use data/grabcut-dataset/res/kid.png>
Package pdftex.def Info: data/grabcut-dataset/res/kid.png used on input line 70
.
(pdftex.def)             Requested size: 143.93884pt x 97.26411pt.

<data/grabcut-dataset/101085.jpg, id=14, 322.20375pt x 482.80376pt>
File: data/grabcut-dataset/101085.jpg Graphic file (type jpg)

<use data/grabcut-dataset/101085.jpg>
Package pdftex.def Info: data/grabcut-dataset/101085.jpg used on input line 78.

(pdftex.def)             Requested size: 96.66187pt x 144.84224pt.

<data/grabcut-dataset/res/pillar.png, id=15, 320.19624pt x 482.80376pt>
File: data/grabcut-dataset/res/pillar.png Graphic file (type png)

<use data/grabcut-dataset/res/pillar.png>
Package pdftex.def Info: data/grabcut-dataset/res/pillar.png used on input line
 80.
(pdftex.def)             Requested size: 96.0596pt x 144.84224pt.

<data/grabcut-dataset/159029.jpg, id=16, 482.80376pt x 322.20375pt>
File: data/grabcut-dataset/159029.jpg Graphic file (type jpg)

<use data/grabcut-dataset/159029.jpg>
Package pdftex.def Info: data/grabcut-dataset/159029.jpg used on input line 88.

(pdftex.def)             Requested size: 241.40129pt x 161.10147pt.

<data/grabcut-dataset/159045.jpg, id=17, 482.80376pt x 322.20375pt>
File: data/grabcut-dataset/159045.jpg Graphic file (type jpg)

<use data/grabcut-dataset/159045.jpg>
Package pdftex.def Info: data/grabcut-dataset/159045.jpg used on input line 97.

(pdftex.def)             Requested size: 144.84224pt x 96.66187pt.

<data/grabcut-dataset/res/cat.png, id=18, 479.7925pt x 320.19624pt>
File: data/grabcut-dataset/res/cat.png Graphic file (type png)

<use data/grabcut-dataset/res/cat.png>
Package pdftex.def Info: data/grabcut-dataset/res/cat.png used on input line 99
.
(pdftex.def)             Requested size: 143.93884pt x 96.0596pt.

<data/grabcut-dataset/159091.jpg, id=19, 482.80376pt x 322.20375pt>
File: data/grabcut-dataset/159091.jpg Graphic file (type jpg)

<use data/grabcut-dataset/159091.jpg>
Package pdftex.def Info: data/grabcut-dataset/159091.jpg used on input line 107
.
(pdftex.def)             Requested size: 144.84224pt x 96.66187pt.

<data/grabcut-dataset/res/bear.png, id=20, 347.2975pt x 250.9375pt>
File: data/grabcut-dataset/res/bear.png Graphic file (type png)

<use data/grabcut-dataset/res/bear.png>
Package pdftex.def Info: data/grabcut-dataset/res/bear.png used on input line 1
09.
(pdftex.def)             Requested size: 104.19005pt x 75.28181pt.

<data/grabcut-dataset/187039.jpg, id=21, 482.80376pt x 322.20375pt>
File: data/grabcut-dataset/187039.jpg Graphic file (type jpg)

<use data/grabcut-dataset/187039.jpg>
Package pdftex.def Info: data/grabcut-dataset/187039.jpg used on input line 117
.
(pdftex.def)             Requested size: 144.84224pt x 96.66187pt.

<data/grabcut-dataset/res/tiger.png, id=22, 483.8075pt x 322.20375pt>
File: data/grabcut-dataset/res/tiger.png Graphic file (type png)

<use data/grabcut-dataset/res/tiger.png>
Package pdftex.def Info: data/grabcut-dataset/res/tiger.png used on input line 
119.
(pdftex.def)             Requested size: 145.14337pt x 96.66187pt.

<data/grabcut-dataset/388016.jpg, id=23, 322.20375pt x 482.80376pt>
File: data/grabcut-dataset/388016.jpg Graphic file (type jpg)

<use data/grabcut-dataset/388016.jpg>
Package pdftex.def Info: data/grabcut-dataset/388016.jpg used on input line 127
.
(pdftex.def)             Requested size: 96.66187pt x 144.84224pt.

<data/grabcut-dataset/res/woman.png, id=24, 317.185pt x 481.8pt>
File: data/grabcut-dataset/res/woman.png Graphic file (type png)

<use data/grabcut-dataset/res/woman.png>
Package pdftex.def Info: data/grabcut-dataset/res/woman.png used on input line 
129.
(pdftex.def)             Requested size: 95.15622pt x 144.5411pt.
LaTeX Font Info:    Try loading font information for OMS+cmr on input line 136.


(/usr/local/texlive/2011/texmf-dist/tex/latex/base/omscmr.fd
File: omscmr.fd 1999/05/25 v2.5h Standard LaTeX font definitions
)
LaTeX Font Info:    Font shape `OMS/cmr/m/n' in size <10.95> not available
(Font)              Font shape `OMS/cmsy/m/n' tried instead on input line 136.

<data/africa.png, id=25, 244.0317pt x 230.5413pt>
File: data/africa.png Graphic file (type png)
 <use data/africa.png>
Package pdftex.def Info: data/africa.png used on input line 146.
(pdftex.def)             Requested size: 73.21007pt x 69.16292pt.

Underfull \hbox (badness 2443) in paragraph at lines 146--146
[]\OT1/cmr/m/n/9 (a) |The orig-i-nal
 []

<data/res/eroded.png, id=26, 1016.79875pt x 960.58875pt>
File: data/res/eroded.png Graphic file (type png)

<use data/res/eroded.png>
Package pdftex.def Info: data/res/eroded.png used on input line 148.
(pdftex.def)             Requested size: 305.04198pt x 288.17885pt.

<data/res/dilated.png, id=27, 1016.79875pt x 960.58875pt>
File: data/res/dilated.png Graphic file (type png)

<use data/res/dilated.png>
Package pdftex.def Info: data/res/dilated.png used on input line 150.
(pdftex.def)             Requested size: 305.04198pt x 288.17885pt.

<data/res/border.png, id=28, 1016.79875pt x 960.58875pt>
File: data/res/border.png Graphic file (type png)

<use data/res/border.png>
Package pdftex.def Info: data/res/border.png used on input line 152.
(pdftex.def)             Requested size: 305.04198pt x 288.17885pt.


LaTeX Warning: Float too large for page by 435.49919pt on input line 156.

[1{/usr/local/texlive/2011/texmf-var/fonts/map/pdftex/updmap/pdftex.map}

 <./data/grabcut-dataset/35008.jpg> <./data/grabcut-dataset/res/marie.png> <./d
ata/grabcut-dataset/42049.jpg> <./data/grabcut-dataset/res/eagle.png>] [2 <./da
ta/grabcut-dataset/61060.jpg> <./data/grabcut-dataset/res/skier2.png> <./data/g
rabcut-dataset/res/skier3.png> <./data/grabcut-dataset/res/skier4.png> <./data/
grabcut-dataset/res/skier5.png>] [3 <./data/grabcut-dataset/225017.jpg> <./data
/grabcut-dataset/res/skier6.png> <./data/grabcut-dataset/90076.jpg> <./data/gra
bcut-dataset/res/kid.png>] [4 <./data/grabcut-dataset/101085.jpg> <./data/grabc
ut-dataset/res/pillar.png> <./data/grabcut-dataset/159029.jpg>] [5 <./data/grab
cut-dataset/159045.jpg> <./data/grabcut-dataset/res/cat.png> <./data/grabcut-da
taset/159091.jpg> <./data/grabcut-dataset/res/bear.png> <./data/grabcut-dataset
/187039.jpg> <./data/grabcut-dataset/res/tiger.png>]
<data/dotsandlines.png, id=50, 222.8325pt x 217.81375pt>
File: data/dotsandlines.png Graphic file (type png)

<use data/dotsandlines.png>
Package pdftex.def Info: data/dotsandlines.png used on input line 164.
(pdftex.def)             Requested size: 66.85027pt x 65.34462pt.

<data/res/dots.png, id=51, 222.8325pt x 217.81375pt>
File: data/res/dots.png Graphic file (type png)
 <use data/res/dots.png>
Package pdftex.def Info: data/res/dots.png used on input line 166.
(pdftex.def)             Requested size: 66.85027pt x 65.34462pt.

<data/cells.png, id=52, 451.6875pt x 451.6875pt>
File: data/cells.png Graphic file (type png)
 <use data/cells.png>
Package pdftex.def Info: data/cells.png used on input line 168.
(pdftex.def)             Requested size: 135.5073pt x 135.5073pt.

<data/res/cells_thresh.png, id=53, 451.6875pt x 451.6875pt>
File: data/res/cells_thresh.png Graphic file (type png)

<use data/res/cells_thresh.png>
Package pdftex.def Info: data/res/cells_thresh.png used on input line 170.
(pdftex.def)             Requested size: 135.5073pt x 135.5073pt.

<data/res/dots1.png, id=54, 451.6875pt x 451.6875pt>
File: data/res/dots1.png Graphic file (type png)
 <use data/res/dots1.png>
Package pdftex.def Info: data/res/dots1.png used on input line 172.
(pdftex.def)             Requested size: 135.5073pt x 135.5073pt.

<data/circles.png, id=55, 301.125pt x 301.125pt>
File: data/circles.png Graphic file (type png)
 <use data/circles.png>
Package pdftex.def Info: data/circles.png used on input line 174.
(pdftex.def)             Requested size: 90.33818pt x 90.33818pt.

<data/res/circles_closed9.png, id=56, 301.125pt x 301.125pt>
File: data/res/circles_closed9.png Graphic file (type png)

<use data/res/circles_closed9.png>
Package pdftex.def Info: data/res/circles_closed9.png used on input line 176.
(pdftex.def)             Requested size: 90.33818pt x 90.33818pt.

<data/res/circles_closed17.png, id=57, 301.125pt x 301.125pt>
File: data/res/circles_closed17.png Graphic file (type png)

<use data/res/circles_closed17.png>
Package pdftex.def Info: data/res/circles_closed17.png used on input line 178.
(pdftex.def)             Requested size: 90.33818pt x 90.33818pt.

Underfull \hbox (badness 10000) in paragraph at lines 178--178
[]\OT1/cmr/m/n/9 (h) |Cir-cles closed
 []

<data/res/circles_closed33.png, id=58, 301.125pt x 301.125pt>
File: data/res/circles_closed33.png Graphic file (type png)

<use data/res/circles_closed33.png>
Package pdftex.def Info: data/res/circles_closed33.png used on input line 180.
(pdftex.def)             Requested size: 90.33818pt x 90.33818pt.
 [6 <./data/grabcut-dataset/388016.jpg> <./data/grabcut-dataset/res/woman.png>]
 [7 <./data/africa.png> <./data/res/eroded.png (PNG copy)> <./data/res/dilated.
png (PNG copy)> <./data/res/border.png (PNG copy)>] [8 <./data/dotsandlines.png
> <./data/res/dots.png (PNG copy)> <./data/cells.png> <./data/res/cells_thresh.
png (PNG copy)> <./data/res/dots1.png (PNG copy)> <./data/circles.png> <./data/
res/circles_closed9.png (PNG copy)> <./data/res/circles_closed17.png (PNG copy)
> <./data/res/circles_closed33.png (PNG copy)>] <data/house.png, id=73, 406.518
75pt x 204.01219pt>
File: data/house.png Graphic file (type png)
 <use data/house.png>
Package pdftex.def Info: data/house.png used on input line 192.
(pdftex.def)             Requested size: 121.95656pt x 61.20412pt.

<data/res/grad.png, id=75, 542.025pt x 272.01625pt>
File: data/res/grad.png Graphic file (type png)
 <use data/res/grad.png>
Package pdftex.def Info: data/res/grad.png used on input line 194.
(pdftex.def)             Requested size: 162.60875pt x 81.6055pt.

<data/res/canny.png, id=76, 542.025pt x 272.01625pt>
File: data/res/canny.png Graphic file (type png)
 <use data/res/canny.png>
Package pdftex.def Info: data/res/canny.png used on input line 196.
(pdftex.def)             Requested size: 162.60875pt x 81.6055pt.

<data/res/corners.png, id=77, 542.025pt x 272.01625pt>
File: data/res/corners.png Graphic file (type png)

<use data/res/corners.png>
Package pdftex.def Info: data/res/corners.png used on input line 198.
(pdftex.def)             Requested size: 162.60875pt x 81.6055pt.
 [9 <./data/house.png> <./data/res/grad.png (PNG copy)> <./data/res/canny.png (
PNG copy)> <./data/res/corners.png (PNG copy)>]
(./a2.aux) ) 
Here is how much of TeX's memory you used:
 4015 strings out of 493633
 60823 string characters out of 3143377
 133375 words of memory out of 3000000
 7228 multiletter control sequences out of 15000+200000
 5101 words of font info for 19 fonts, out of 3000000 for 9000
 831 hyphenation exceptions out of 8191
 44i,10n,45p,647b,358s stack positions out of 5000i,500n,10000p,200000b,50000s
</usr/local/texlive/2011/texmf-dist/fonts/type1/public/amsfonts/cm/
cmbx12.pfb></usr/local/texlive/2011/texmf-dist/fonts/type1/public/amsfonts/cm/c
mr10.pfb></usr/local/texlive/2011/texmf-dist/fonts/type1/public/amsfonts/cm/cmr
9.pfb></usr/local/texlive/2011/texmf-dist/fonts/type1/public/amsfonts/cm/cmsy10
.pfb>
Output written on a2.pdf (9 pages, 1896291 bytes).
PDF statistics:
 97 PDF objects out of 1000 (max. 8388607)
 35 compressed objects within 1 object stream
 0 named destinations out of 1000 (max. 500000)
 206 words of extra memory for PDF output out of 10000 (max. 10000000)

