This is pdfTeX, Version 3.1415926-2.4-1.40.13 (TeX Live 2012/Debian) (format=pdflatex 2012.11.12)  1 DEC 2012 00:56
entering extended mode
 restricted \write18 enabled.
 %&-line parsing enabled.
**a2.tex
(./a2.tex
LaTeX2e <2011/06/27>
Babel <v3.8m> and hyphenation patterns for english, dumylang, nohyphenation, et
hiopic, farsi, arabic, pinyin, croatian, bulgarian, ukrainian, russian, slovak,
 czech, danish, dutch, usenglishmax, ukenglish, finnish, french, basque, ngerma
n, german, swissgerman, ngerman-x-2012-05-30, german-x-2012-05-30, monogreek, g
reek, ibycus, ancientgreek, hungarian, bengali, tamil, hindi, telugu, gujarati,
 sanskrit, malayalam, kannada, assamese, marathi, oriya, panjabi, italian, lati
n, latvian, lithuanian, mongolian, mongolianlmc, nynorsk, bokmal, indonesian, e
speranto, coptic, welsh, irish, interlingua, serbian, serbianc, slovenian, friu
lan, romansh, estonian, romanian, armenian, uppersorbian, turkish, afrikaans, i
celandic, kurmanji, polish, portuguese, galician, catalan, spanish, swedish, th
ai, loaded.
(/usr/share/texlive/texmf-dist/tex/latex/base/article.cls
Document Class: article 2007/10/19 v1.4h Standard LaTeX document class
(/usr/share/texlive/texmf-dist/tex/latex/base/size11.clo
File: size11.clo 2007/10/19 v1.4h Standard LaTeX file (size option)
)
\c@part=\count79
\c@section=\count80
\c@subsection=\count81
\c@subsubsection=\count82
\c@paragraph=\count83
\c@subparagraph=\count84
\c@figure=\count85
\c@table=\count86
\abovecaptionskip=\skip41
\belowcaptionskip=\skip42
\bibindent=\dimen102
)
(/usr/share/texlive/texmf-dist/tex/latex/base/inputenc.sty
Package: inputenc 2008/03/30 v1.1d Input encoding file
\inpenc@prehook=\toks14
\inpenc@posthook=\toks15

(/usr/share/texlive/texmf-dist/tex/latex/base/latin5.def
File: latin5.def 2008/03/30 v1.1d Input encoding file
))
(/var/lib/texmf/tex/generic/babel/babel.sty
Package: babel 2008/07/08 v3.8m The Babel package

(/usr/share/texlive/texmf-dist/tex/generic/babel/english.ldf
Language: english 2005/03/30 v3.3o English support from the babel system

(/usr/share/texlive/texmf-dist/tex/generic/babel/babel.def
File: babel.def 2008/07/08 v3.8m Babel common definitions
\babel@savecnt=\count87
\U@D=\dimen103
)
\l@canadian = a dialect from \language\l@american 
\l@australian = a dialect from \language\l@british 
\l@newzealand = a dialect from \language\l@british 
))
(/usr/share/texlive/texmf-dist/tex/latex/amsmath/amsmath.sty
Package: amsmath 2000/07/18 v2.13 AMS math features
\@mathmargin=\skip43

For additional information on amsmath, use the `?' option.
(/usr/share/texlive/texmf-dist/tex/latex/amsmath/amstext.sty
Package: amstext 2000/06/29 v2.01

(/usr/share/texlive/texmf-dist/tex/latex/amsmath/amsgen.sty
File: amsgen.sty 1999/11/30 v2.0
\@emptytoks=\toks16
\ex@=\dimen104
))
(/usr/share/texlive/texmf-dist/tex/latex/amsmath/amsbsy.sty
Package: amsbsy 1999/11/29 v1.2d
\pmbraise@=\dimen105
)
(/usr/share/texlive/texmf-dist/tex/latex/amsmath/amsopn.sty
Package: amsopn 1999/12/14 v2.01 operator names
)
\inf@bad=\count88
LaTeX Info: Redefining \frac on input line 211.
\uproot@=\count89
\leftroot@=\count90
LaTeX Info: Redefining \overline on input line 307.
\classnum@=\count91
\DOTSCASE@=\count92
LaTeX Info: Redefining \ldots on input line 379.
LaTeX Info: Redefining \dots on input line 382.
LaTeX Info: Redefining \cdots on input line 467.
\Mathstrutbox@=\box26
\strutbox@=\box27
\big@size=\dimen106
LaTeX Font Info:    Redeclaring font encoding OML on input line 567.
LaTeX Font Info:    Redeclaring font encoding OMS on input line 568.
\macc@depth=\count93
\c@MaxMatrixCols=\count94
\dotsspace@=\muskip10
\c@parentequation=\count95
\dspbrk@lvl=\count96
\tag@help=\toks17
\row@=\count97
\column@=\count98
\maxfields@=\count99
\andhelp@=\toks18
\eqnshift@=\dimen107
\alignsep@=\dimen108
\tagshift@=\dimen109
\tagwidth@=\dimen110
\totwidth@=\dimen111
\lineht@=\dimen112
\@envbody=\toks19
\multlinegap=\skip44
\multlinetaggap=\skip45
\mathdisplay@stack=\toks20
LaTeX Info: Redefining \[ on input line 2666.
LaTeX Info: Redefining \] on input line 2667.
)
(/usr/share/texlive/texmf-dist/tex/latex/amsfonts/amsfonts.sty
Package: amsfonts 2009/06/22 v3.00 Basic AMSFonts support
\symAMSa=\mathgroup4
\symAMSb=\mathgroup5
LaTeX Font Info:    Overwriting math alphabet `\mathfrak' in version `bold'
(Font)                  U/euf/m/n --> U/euf/b/n on input line 96.
)
(/usr/share/texlive/texmf-dist/tex/latex/amsfonts/amssymb.sty
Package: amssymb 2009/06/22 v3.00
)
(/usr/share/texlive/texmf-dist/tex/latex/graphics/graphicx.sty
Package: graphicx 1999/02/16 v1.0f Enhanced LaTeX Graphics (DPC,SPQR)

(/usr/share/texlive/texmf-dist/tex/latex/graphics/keyval.sty
Package: keyval 1999/03/16 v1.13 key=value parser (DPC)
\KV@toks@=\toks21
)
(/usr/share/texlive/texmf-dist/tex/latex/graphics/graphics.sty
Package: graphics 2009/02/05 v1.0o Standard LaTeX Graphics (DPC,SPQR)

(/usr/share/texlive/texmf-dist/tex/latex/graphics/trig.sty
Package: trig 1999/03/16 v1.09 sin cos tan (DPC)
)
(/usr/share/texlive/texmf-dist/tex/latex/latexconfig/graphics.cfg
File: graphics.cfg 2010/04/23 v1.9 graphics configuration of TeX Live
)
Package graphics Info: Driver file: pdftex.def on input line 91.

(/usr/share/texlive/texmf-dist/tex/latex/pdftex-def/pdftex.def
File: pdftex.def 2011/05/27 v0.06d Graphics/color for pdfTeX

(/usr/share/texlive/texmf-dist/tex/generic/oberdiek/infwarerr.sty
Package: infwarerr 2010/04/08 v1.3 Providing info/warning/error messages (HO)
)
(/usr/share/texlive/texmf-dist/tex/generic/oberdiek/ltxcmds.sty
Package: ltxcmds 2011/11/09 v1.22 LaTeX kernel commands for general use (HO)
)
\Gread@gobject=\count100
))
\Gin@req@height=\dimen113
\Gin@req@width=\dimen114
)
(/usr/share/texlive/texmf-dist/tex/latex/subfig/subfig.sty
Package: subfig 2005/06/28 ver: 1.3 subfig package

(/usr/share/texlive/texmf-dist/tex/latex/caption/caption.sty
Package: caption 2012/02/19 v3.2f Customizing captions (AR)

(/usr/share/texlive/texmf-dist/tex/latex/caption/caption3.sty
Package: caption3 2012/01/12 v1.4b caption3 kernel (AR)
\captionmargin=\dimen115
\captionmargin@=\dimen116
\captionwidth=\dimen117
\caption@indent=\dimen118
\caption@parindent=\dimen119
\caption@hangindent=\dimen120
)
\c@ContinuedFloat=\count101
)
\c@KVtest=\count102
\sf@farskip=\skip46
\sf@captopadj=\dimen121
\sf@capskip=\skip47
\sf@nearskip=\skip48
\c@subfigure=\count103
\c@subfigure@save=\count104
\c@lofdepth=\count105
\c@subtable=\count106
\c@subtable@save=\count107
\c@lotdepth=\count108
\sf@top=\skip49
\sf@bottom=\skip50
)
(/usr/share/texlive/texmf-dist/tex/latex/placeins/placeins.sty
Package: placeins 2005/04/18  v 2.2
)
(/usr/share/texlive/texmf-dist/tex/latex/was/gensymb.sty
Package: gensymb 2003/07/02 v1.0 (WaS)
) (./a2.aux)
\openout1 = `a2.aux'.

LaTeX Font Info:    Checking defaults for OML/cmm/m/it on input line 12.
LaTeX Font Info:    ... okay on input line 12.
LaTeX Font Info:    Checking defaults for T1/cmr/m/n on input line 12.
LaTeX Font Info:    ... okay on input line 12.
LaTeX Font Info:    Checking defaults for OT1/cmr/m/n on input line 12.
LaTeX Font Info:    ... okay on input line 12.
LaTeX Font Info:    Checking defaults for OMS/cmsy/m/n on input line 12.
LaTeX Font Info:    ... okay on input line 12.
LaTeX Font Info:    Checking defaults for OMX/cmex/m/n on input line 12.
LaTeX Font Info:    ... okay on input line 12.
LaTeX Font Info:    Checking defaults for U/cmr/m/n on input line 12.
LaTeX Font Info:    ... okay on input line 12.

(/usr/share/texlive/texmf-dist/tex/context/base/supp-pdf.mkii
[Loading MPS to PDF converter (version 2006.09.02).]
\scratchcounter=\count109
\scratchdimen=\dimen122
\scratchbox=\box28
\nofMPsegments=\count110
\nofMParguments=\count111
\everyMPshowfont=\toks22
\MPscratchCnt=\count112
\MPscratchDim=\dimen123
\MPnumerator=\count113
\makeMPintoPDFobject=\count114
\everyMPtoPDFconversion=\toks23
) (/usr/share/texlive/texmf-dist/tex/generic/oberdiek/pdftexcmds.sty
Package: pdftexcmds 2011/11/29 v0.20 Utility functions of pdfTeX for LuaTeX (HO
)

(/usr/share/texlive/texmf-dist/tex/generic/oberdiek/ifluatex.sty
Package: ifluatex 2010/03/01 v1.3 Provides the ifluatex switch (HO)
Package ifluatex Info: LuaTeX not detected.
)
(/usr/share/texlive/texmf-dist/tex/generic/oberdiek/ifpdf.sty
Package: ifpdf 2011/01/30 v2.3 Provides the ifpdf switch (HO)
Package ifpdf Info: pdfTeX in PDF mode is detected.
)
Package pdftexcmds Info: LuaTeX not detected.
Package pdftexcmds Info: \pdf@primitive is available.
Package pdftexcmds Info: \pdf@ifprimitive is available.
Package pdftexcmds Info: \pdfdraftmode found.
)
(/usr/share/texlive/texmf-dist/tex/latex/oberdiek/epstopdf-base.sty
Package: epstopdf-base 2010/02/09 v2.5 Base part for package epstopdf

(/usr/share/texlive/texmf-dist/tex/latex/oberdiek/grfext.sty
Package: grfext 2010/08/19 v1.1 Manage graphics extensions (HO)

(/usr/share/texlive/texmf-dist/tex/generic/oberdiek/kvdefinekeys.sty
Package: kvdefinekeys 2011/04/07 v1.3 Define keys (HO)
))
(/usr/share/texlive/texmf-dist/tex/latex/oberdiek/kvoptions.sty
Package: kvoptions 2011/06/30 v3.11 Key value format for package options (HO)

(/usr/share/texlive/texmf-dist/tex/generic/oberdiek/kvsetkeys.sty
Package: kvsetkeys 2012/04/25 v1.16 Key value parser (HO)

(/usr/share/texlive/texmf-dist/tex/generic/oberdiek/etexcmds.sty
Package: etexcmds 2011/02/16 v1.5 Avoid name clashes with e-TeX commands (HO)
Package etexcmds Info: Could not find \expanded.
(etexcmds)             That can mean that you are not using pdfTeX 1.50 or
(etexcmds)             that some package has redefined \expanded.
(etexcmds)             In the latter case, load this package earlier.
)))
Package grfext Info: Graphics extension search list:
(grfext)             [.png,.pdf,.jpg,.mps,.jpeg,.jbig2,.jb2,.PNG,.PDF,.JPG,.JPE
G,.JBIG2,.JB2,.eps]
(grfext)             \AppendGraphicsExtensions on input line 452.

(/usr/share/texlive/texmf-dist/tex/latex/latexconfig/epstopdf-sys.cfg
File: epstopdf-sys.cfg 2010/07/13 v1.3 Configuration of (r)epstopdf for TeX Liv
e
))
Package caption Info: Begin \AtBeginDocument code.
Package caption Info: subfig package v1.3 is loaded.
Package caption Info: End \AtBeginDocument code.
LaTeX Info: Redefining \celsius on input line 12.
Package gensymb Info: Faking symbols for \degree and \celsius on input line 12.



Package gensymb Warning: Not defining \perthousand.

LaTeX Info: Redefining \ohm on input line 12.
Package gensymb Info: Using \Omega for \ohm on input line 12.

Package gensymb Warning: Not defining \micro.

<data/res/harris.png, id=1, 1003.75pt x 681.54625pt>
File: data/res/harris.png Graphic file (type png)
 <use data/res/harris.png>
Package pdftex.def Info: data/res/harris.png used on input line 21.
(pdftex.def)             Requested size: 100.38087pt x 68.15862pt.

<data/res/siftedges.png, id=2, 1003.75pt x 681.54625pt>
File: data/res/siftedges.png Graphic file (type png)

<use data/res/siftedges.png>
Package pdftex.def Info: data/res/siftedges.png used on input line 23.
(pdftex.def)             Requested size: 100.38087pt x 68.15862pt.

<data/res/surfedges.png, id=3, 1003.75pt x 681.54625pt>
File: data/res/surfedges.png Graphic file (type png)

<use data/res/surfedges.png>
Package pdftex.def Info: data/res/surfedges.png used on input line 25.
(pdftex.def)             Requested size: 100.38087pt x 68.15862pt.

<data/res/harris_bookp.png, id=4, 351.3125pt x 192.72pt>
File: data/res/harris_bookp.png Graphic file (type png)

<use data/res/harris_bookp.png>
Package pdftex.def Info: data/res/harris_bookp.png used on input line 32.
(pdftex.def)             Requested size: 105.39455pt x 57.81644pt.

<data/res/harris_bookr.png, id=5, 276.03125pt x 256.96pt>
File: data/res/harris_bookr.png Graphic file (type png)

<use data/res/harris_bookr.png>
Package pdftex.def Info: data/res/harris_bookr.png used on input line 34.
(pdftex.def)             Requested size: 82.81pt x 77.0886pt.

<data/res/harris_bookt.png, id=6, 302.12875pt x 75.28125pt>
File: data/res/harris_bookt.png Graphic file (type png)

<use data/res/harris_bookt.png>
Package pdftex.def Info: data/res/harris_bookt.png used on input line 36.
(pdftex.def)             Requested size: 90.63931pt x 22.58453pt.

<data/res/Matches_harris.png, id=7, 1079.03125pt x 681.54625pt>
File: data/res/Matches_harris.png Graphic file (type png)

<use data/res/Matches_harris.png>
Package pdftex.def Info: data/res/Matches_harris.png used on input line 50.
(pdftex.def)             Requested size: 107.90944pt x 68.15862pt.

<data/res/Matches_sift.png, id=8, 1079.03125pt x 681.54625pt>
File: data/res/Matches_sift.png Graphic file (type png)

<use data/res/Matches_sift.png>
Package pdftex.def Info: data/res/Matches_sift.png used on input line 52.
(pdftex.def)             Requested size: 107.90944pt x 68.15862pt.

<data/res/Matches_surf_013.png, id=9, 1079.03125pt x 681.54625pt>
File: data/res/Matches_surf_013.png Graphic file (type png)

<use data/res/Matches_surf_013.png>
Package pdftex.def Info: data/res/Matches_surf_013.png used on input line 54.
(pdftex.def)             Requested size: 107.90944pt x 68.15862pt.
File: data/res/Matches_surf_013.png Graphic file (type png)
 <use data/res/Matches_surf_013.png>
Package pdftex.def Info: data/res/Matches_surf_013.png used on input line 61.
(pdftex.def)             Requested size: 107.90944pt x 68.15862pt.

<data/res/Matches_surf_015.png, id=10, 1079.03125pt x 681.54625pt>
File: data/res/Matches_surf_015.png Graphic file (type png)

<use data/res/Matches_surf_015.png>
Package pdftex.def Info: data/res/Matches_surf_015.png used on input line 63.
(pdftex.def)             Requested size: 107.90944pt x 68.15862pt.

<data/res/Matches_surf_02.png, id=11, 1079.03125pt x 681.54625pt>
File: data/res/Matches_surf_02.png Graphic file (type png)

<use data/res/Matches_surf_02.png>
Package pdftex.def Info: data/res/Matches_surf_02.png used on input line 65.
(pdftex.def)             Requested size: 107.90944pt x 68.15862pt.

<data/res/Matches_surfp.png, id=12, 1355.0625pt x 681.54625pt>
File: data/res/Matches_surfp.png Graphic file (type png)

<use data/res/Matches_surfp.png>
Package pdftex.def Info: data/res/Matches_surfp.png used on input line 72.
(pdftex.def)             Requested size: 135.51419pt x 68.15862pt.

<data/res/Matches_surfr.png, id=13, 1279.78125pt x 681.54625pt>
File: data/res/Matches_surfr.png Graphic file (type png)

<use data/res/Matches_surfr.png>
Package pdftex.def Info: data/res/Matches_surfr.png used on input line 74.
(pdftex.def)             Requested size: 127.98561pt x 68.15862pt.

<data/res/Matches_surft.png, id=14, 1305.87875pt x 681.54625pt>
File: data/res/Matches_surft.png Graphic file (type png)

<use data/res/Matches_surft.png>
Package pdftex.def Info: data/res/Matches_surft.png used on input line 76.
(pdftex.def)             Requested size: 130.59552pt x 68.15862pt.
 [1{/var/lib/texmf/fonts/map/pdftex/updmap/pdftex.map}

 <./data/res/harris.png (PNG copy)> <./data/res/siftedges.png (PNG copy)> <./da
ta/res/surfedges.png (PNG copy)> <./data/res/harris_bookp.png (PNG copy)> <./da
ta/res/harris_bookr.png (PNG copy)> <./data/res/harris_bookt.png (PNG copy)>] [
2 <./data/res/Matches_harris.png (PNG copy)> <./data/res/Matches_sift.png (PNG 
copy)> <./data/res/Matches_surf_013.png (PNG copy)> <./data/res/Matches_surf_01
5.png (PNG copy)> <./data/res/Matches_surf_02.png (PNG copy)>] [3 <./data/res/M
atches_surfp.png (PNG copy)> <./data/res/Matches_surfr.png (PNG copy)> <./data/
res/Matches_surft.png (PNG copy)>] (./a2.aux) ) 
Here is how much of TeX's memory you used:
 3952 strings out of 493485
 57996 string characters out of 3143525
 123592 words of memory out of 3000000
 7204 multiletter control sequences out of 15000+200000
 4844 words of font info for 18 fonts, out of 3000000 for 9000
 957 hyphenation exceptions out of 8191
 44i,10n,46p,507b,365s stack positions out of 5000i,500n,10000p,200000b,50000s
</usr/share/texlive/texmf-dist/f
onts/type1/public/amsfonts/cm/cmbx12.pfb></usr/share/texlive/texmf-dist/fonts/t
ype1/public/amsfonts/cm/cmr10.pfb></usr/share/texlive/texmf-dist/fonts/type1/pu
blic/amsfonts/cm/cmr9.pfb>
Output written on a2.pdf (3 pages, 17786027 bytes).
PDF statistics:
 40 PDF objects out of 1000 (max. 8388607)
 17 compressed objects within 1 object stream
 0 named destinations out of 1000 (max. 500000)
 71 words of extra memory for PDF output out of 10000 (max. 10000000)

